#! /usr/local/iverilog/bin/vvp
:ivl_version "11.0 (devel)" "(s20150603-642-g3bdb50da)";
:ivl_delay_selection "TYPICAL";
:vpi_time_precision + 0;
:vpi_module "system";
:vpi_module "vhdl_sys";
:vpi_module "vhdl_textio";
:vpi_module "v2005_math";
:vpi_module "va_math";
S_00000000001bb770 .scope module, "LabL1" "LabL1" 2 1;
 .timescale 0 0;
v0000000001012710_0 .var "a", 0 0;
v00000000010127b0_0 .var "b", 0 0;
v0000000001012850_0 .var "c", 0 0;
v00000000010128f0_0 .var/i "i", 31 0;
v0000000001012990_0 .var/i "j", 31 0;
v0000000001012a30_0 .var/i "k", 31 0;
v0000000001013700_0 .net "z", 0 0, L_0000000001013f50;  1 drivers
S_0000000001015020 .scope module, "M" "yMux1" 2 6, 3 1 0, S_00000000001bb770;
 .timescale 0 0;
    .port_info 0 /OUTPUT 1 "z";
    .port_info 1 /INPUT 1 "a";
    .port_info 2 /INPUT 1 "b";
    .port_info 3 /INPUT 1 "c";
L_0000000000fe3290 .functor NOT 1, v0000000001012850_0, C4<0>, C4<0>, C4<0>;
L_00000000001bb300 .functor AND 1, v0000000001012710_0, L_0000000000fe3290, C4<1>, C4<1>;
L_0000000001013ee0 .functor AND 1, v0000000001012850_0, v00000000010127b0_0, C4<1>, C4<1>;
L_0000000001013f50 .functor OR 1, L_00000000001bb300, L_0000000001013ee0, C4<0>, C4<0>;
v00000000001bb900_0 .net "a", 0 0, v0000000001012710_0;  1 drivers
v00000000010151b0_0 .net "b", 0 0, v00000000010127b0_0;  1 drivers
v0000000001015250_0 .net "c", 0 0, v0000000001012850_0;  1 drivers
v00000000010152f0_0 .net "lower", 0 0, L_0000000001013ee0;  1 drivers
v0000000001015390_0 .net "notC", 0 0, L_0000000000fe3290;  1 drivers
v00000000010125d0_0 .net "upper", 0 0, L_00000000001bb300;  1 drivers
v0000000001012670_0 .net "z", 0 0, L_0000000001013f50;  alias, 1 drivers
    .scope S_00000000001bb770;
T_0 ;
    %pushi/vec4 0, 0, 32;
    %store/vec4 v00000000010128f0_0, 0, 32;
T_0.0 ;
    %load/vec4 v00000000010128f0_0;
    %cmpi/s 2, 0, 32;
    %jmp/0xz T_0.1, 5;
    %pushi/vec4 0, 0, 32;
    %store/vec4 v0000000001012990_0, 0, 32;
T_0.2 ;
    %load/vec4 v0000000001012990_0;
    %cmpi/s 2, 0, 32;
    %jmp/0xz T_0.3, 5;
    %pushi/vec4 0, 0, 32;
    %store/vec4 v0000000001012a30_0, 0, 32;
T_0.4 ;
    %load/vec4 v0000000001012a30_0;
    %cmpi/s 2, 0, 32;
    %jmp/0xz T_0.5, 5;
    %load/vec4 v00000000010128f0_0;
    %pad/s 1;
    %store/vec4 v0000000001012710_0, 0, 1;
    %load/vec4 v0000000001012990_0;
    %pad/s 1;
    %store/vec4 v00000000010127b0_0, 0, 1;
    %load/vec4 v0000000001012a30_0;
    %pad/s 1;
    %store/vec4 v0000000001012850_0, 0, 1;
    %delay 1, 0;
    %vpi_call 2 17 "$display", "a=%b b=%b c=%b z=%b", v0000000001012710_0, v00000000010127b0_0, v0000000001012850_0, v0000000001013700_0 {0 0 0};
    %load/vec4 v0000000001012a30_0;
    %addi 1, 0, 32;
    %store/vec4 v0000000001012a30_0, 0, 32;
    %jmp T_0.4;
T_0.5 ;
    %load/vec4 v0000000001012990_0;
    %addi 1, 0, 32;
    %store/vec4 v0000000001012990_0, 0, 32;
    %jmp T_0.2;
T_0.3 ;
    %load/vec4 v00000000010128f0_0;
    %addi 1, 0, 32;
    %store/vec4 v00000000010128f0_0, 0, 32;
    %jmp T_0.0;
T_0.1 ;
    %vpi_call 2 21 "$finish" {0 0 0};
    %end;
    .thread T_0;
# The file index is used to find the file name in the following table.
:file_names 4;
    "N/A";
    "<interactive>";
    "LabL1.v";
    "yMux1.v";
