#! /usr/local/iverilog/bin/vvp
:ivl_version "11.0 (devel)" "(s20150603-642-g3bdb50da)";
:ivl_delay_selection "TYPICAL";
:vpi_time_precision + 0;
:vpi_module "system";
:vpi_module "vhdl_sys";
:vpi_module "vhdl_textio";
:vpi_module "v2005_math";
:vpi_module "va_math";
S_00000000000289b0 .scope module, "labK" "labK" 2 1;
 .timescale 0 0;
L_0000000000026460 .functor NOT 1, v000000000002eb00_0, C4<0>, C4<0>, C4<0>;
L_00000000008759d0 .functor BUFZ 1, L_0000000000026460, C4<0>, C4<0>, C4<0>;
L_00000000008755a0 .functor AND 1, L_00000000008759d0, v00000000000263c0_0, C4<1>, C4<1>;
L_0000000000875610 .functor AND 1, v000000000002ea60_0, v000000000002eb00_0, C4<1>, C4<1>;
L_0000000000875680 .functor OR 1, L_00000000008755a0, L_0000000000875610, C4<0>, C4<0>;
L_00000000008756f0 .functor BUFZ 1, L_0000000000875680, C4<0>, C4<0>, C4<0>;
v00000000000263c0_0 .var "a", 0 0;
v0000000000028b40_0 .net "and1", 0 0, L_00000000008755a0;  1 drivers
v0000000000028be0_0 .net "and2", 0 0, L_0000000000875610;  1 drivers
v000000000002ea60_0 .var "b", 0 0;
v000000000002eb00_0 .var "c", 0 0;
v000000000002eba0_0 .var "flag", 0 0;
v000000000002ec40_0 .net "lowerInput", 0 0, L_00000000008759d0;  1 drivers
v000000000002ece0_0 .net "notOutput", 0 0, L_0000000000026460;  1 drivers
v0000000000875460_0 .net "orFinal", 0 0, L_0000000000875680;  1 drivers
v0000000000875500_0 .net "z", 0 0, L_00000000008756f0;  1 drivers
    .scope S_00000000000289b0;
T_0 ;
    %vpi_func 2 17 "$value$plusargs" 32, "a=%b", v00000000000263c0_0 {0 0 0};
    %pad/u 1;
    %store/vec4 v000000000002eba0_0, 0, 1;
    %load/vec4 v000000000002eba0_0;
    %pad/u 32;
    %cmpi/e 0, 0, 32;
    %jmp/0xz  T_0.0, 4;
    %vpi_call 2 19 "$display", "There was no value specified for A", $time {0 0 0};
T_0.0 ;
    %vpi_func 2 20 "$value$plusargs" 32, "b=%b", v000000000002ea60_0 {0 0 0};
    %pad/u 1;
    %store/vec4 v000000000002eba0_0, 0, 1;
    %vpi_func 2 21 "$value$plusargs" 32, "c=%b", v000000000002eb00_0 {0 0 0};
    %pad/u 1;
    %store/vec4 v000000000002eba0_0, 0, 1;
    %delay 1, 0;
    %vpi_call 2 23 "$display", "a=%b b=%b c=%b z=%b", v00000000000263c0_0, v000000000002ea60_0, v000000000002eb00_0, v0000000000875500_0 {0 0 0};
    %vpi_call 2 25 "$finish" {0 0 0};
    %end;
    .thread T_0;
# The file index is used to find the file name in the following table.
:file_names 3;
    "N/A";
    "<interactive>";
    "LabK7.v";
