#! /usr/local/iverilog/bin/vvp
:ivl_version "11.0 (devel)" "(s20150603-642-g3bdb50da)";
:ivl_delay_selection "TYPICAL";
:vpi_time_precision + 0;
:vpi_module "system";
:vpi_module "vhdl_sys";
:vpi_module "vhdl_textio";
:vpi_module "v2005_math";
:vpi_module "va_math";
S_0000000000f68f00 .scope module, "labM" "labM" 2 1;
 .timescale 0 0;
v0000000000fdbe00_0 .var "clk", 0 0;
v0000000000fdd340_0 .var "d", 31 0;
v0000000000fdbfe0_0 .var "e", 31 0;
v0000000000fdcbc0_0 .var "enable", 0 0;
v0000000000fdc6c0_0 .net "z", 31 0, L_0000000000fdc440;  1 drivers
S_0000000000f758a0 .scope module, "mine" "register" 2 6, 3 79 0, S_0000000000f68f00;
 .timescale 0 0;
    .port_info 0 /OUTPUT 32 "q";
    .port_info 1 /INPUT 32 "d";
    .port_info 2 /INPUT 1 "clk";
    .port_info 3 /INPUT 1 "enable";
P_0000000000f778f0 .param/l "SIZE" 0 3 85, +C4<00000000000000000000000000100000>;
v0000000000fddac0_0 .net "clk", 0 0, v0000000000fdbe00_0;  1 drivers
v0000000000fdbf40_0 .net "d", 31 0, v0000000000fdd340_0;  1 drivers
v0000000000fdcb20_0 .net "enable", 0 0, v0000000000fdcbc0_0;  1 drivers
v0000000000fdcd00_0 .net "q", 31 0, L_0000000000fdc440;  alias, 1 drivers
LS_0000000000fdc440_0_0 .concat [ 1 1 1 1], v0000000000f70830_0, v0000000000f698b0_0, v0000000000f691d0_0, v0000000000f69a90_0;
LS_0000000000fdc440_0_4 .concat [ 1 1 1 1], v0000000000f696d0_0, v0000000000f69770_0, v0000000000fd17b0_0, v0000000000fcfe10_0;
LS_0000000000fdc440_0_8 .concat [ 1 1 1 1], v0000000000fd1030_0, v0000000000fd0c70_0, v0000000000fd1530_0, v0000000000fd0950_0;
LS_0000000000fdc440_0_12 .concat [ 1 1 1 1], v0000000000fd0630_0, v0000000000fd1710_0, v0000000000fd01d0_0, v0000000000fd0d10_0;
LS_0000000000fdc440_0_16 .concat [ 1 1 1 1], v0000000000fd0b30_0, v0000000000fd03b0_0, v0000000000fd4a10_0, v0000000000fd5b90_0;
LS_0000000000fdc440_0_20 .concat [ 1 1 1 1], v0000000000fd3cf0_0, v0000000000fd4510_0, v0000000000fd4e70_0, v0000000000fd4650_0;
LS_0000000000fdc440_0_24 .concat [ 1 1 1 1], v0000000000fd3f70_0, v0000000000fd48d0_0, v0000000000fd5230_0, v0000000000fd54b0_0;
LS_0000000000fdc440_0_28 .concat [ 1 1 1 1], v0000000000fd55f0_0, v0000000000fd5a50_0, v0000000000fd4830_0, v0000000000fdcc60_0;
LS_0000000000fdc440_1_0 .concat [ 4 4 4 4], LS_0000000000fdc440_0_0, LS_0000000000fdc440_0_4, LS_0000000000fdc440_0_8, LS_0000000000fdc440_0_12;
LS_0000000000fdc440_1_4 .concat [ 4 4 4 4], LS_0000000000fdc440_0_16, LS_0000000000fdc440_0_20, LS_0000000000fdc440_0_24, LS_0000000000fdc440_0_28;
L_0000000000fdc440 .concat [ 16 16 0 0], LS_0000000000fdc440_1_0, LS_0000000000fdc440_1_4;
L_0000000000fdc760 .part v0000000000fdd340_0, 0, 1;
L_0000000000fdfa30 .part v0000000000fdd340_0, 1, 1;
L_0000000000fe02f0 .part v0000000000fdd340_0, 2, 1;
L_0000000000fdf030 .part v0000000000fdd340_0, 3, 1;
L_0000000000fdee50 .part v0000000000fdd340_0, 4, 1;
L_0000000000fde630 .part v0000000000fdd340_0, 5, 1;
L_0000000000fdf210 .part v0000000000fdd340_0, 6, 1;
L_0000000000fdf8f0 .part v0000000000fdd340_0, 7, 1;
L_0000000000fdf7b0 .part v0000000000fdd340_0, 8, 1;
L_0000000000fdeef0 .part v0000000000fdd340_0, 9, 1;
L_0000000000fdf2b0 .part v0000000000fdd340_0, 10, 1;
L_0000000000fdfdf0 .part v0000000000fdd340_0, 11, 1;
L_0000000000fdf350 .part v0000000000fdd340_0, 12, 1;
L_0000000000fded10 .part v0000000000fdd340_0, 13, 1;
L_0000000000fdf990 .part v0000000000fdd340_0, 14, 1;
L_0000000000fdebd0 .part v0000000000fdd340_0, 15, 1;
L_0000000000fdf3f0 .part v0000000000fdd340_0, 16, 1;
L_0000000000fdfe90 .part v0000000000fdd340_0, 17, 1;
L_0000000000fdf670 .part v0000000000fdd340_0, 18, 1;
L_0000000000fde450 .part v0000000000fdd340_0, 19, 1;
L_0000000000fdf530 .part v0000000000fdd340_0, 20, 1;
L_0000000000fdf490 .part v0000000000fdd340_0, 21, 1;
L_0000000000fdff30 .part v0000000000fdd340_0, 22, 1;
L_0000000000fde4f0 .part v0000000000fdd340_0, 23, 1;
L_0000000000fdedb0 .part v0000000000fdd340_0, 24, 1;
L_0000000000fdf5d0 .part v0000000000fdd340_0, 25, 1;
L_0000000000fe01b0 .part v0000000000fdd340_0, 26, 1;
L_0000000000fe0250 .part v0000000000fdd340_0, 27, 1;
L_0000000000fdf710 .part v0000000000fdd340_0, 28, 1;
L_0000000000fdf850 .part v0000000000fdd340_0, 29, 1;
L_0000000000fdfb70 .part v0000000000fdd340_0, 30, 1;
L_0000000000fdf0d0 .part v0000000000fdd340_0, 31, 1;
S_0000000000f75a30 .scope module, "myFF[0]" "ff" 3 90, 3 1 0, S_0000000000f758a0;
 .timescale 0 0;
    .port_info 0 /OUTPUT 1 "q";
    .port_info 1 /INPUT 1 "d";
    .port_info 2 /INPUT 1 "clk";
    .port_info 3 /INPUT 1 "enable";
v0000000000f724f0_0 .net "clk", 0 0, v0000000000fdbe00_0;  alias, 1 drivers
v0000000000f72130_0 .net "d", 0 0, L_0000000000fdc760;  1 drivers
v0000000000f70790_0 .net "enable", 0 0, v0000000000fdcbc0_0;  alias, 1 drivers
v0000000000f70830_0 .var "q", 0 0;
E_0000000000f77cb0 .event posedge, v0000000000f724f0_0;
S_0000000000f50470 .scope module, "myFF[1]" "ff" 3 90, 3 1 0, S_0000000000f758a0;
 .timescale 0 0;
    .port_info 0 /OUTPUT 1 "q";
    .port_info 1 /INPUT 1 "d";
    .port_info 2 /INPUT 1 "clk";
    .port_info 3 /INPUT 1 "enable";
v0000000000f70b50_0 .net "clk", 0 0, v0000000000fdbe00_0;  alias, 1 drivers
v0000000000f69590_0 .net "d", 0 0, L_0000000000fdfa30;  1 drivers
v0000000000f69310_0 .net "enable", 0 0, v0000000000fdcbc0_0;  alias, 1 drivers
v0000000000f698b0_0 .var "q", 0 0;
S_0000000000f50600 .scope module, "myFF[2]" "ff" 3 90, 3 1 0, S_0000000000f758a0;
 .timescale 0 0;
    .port_info 0 /OUTPUT 1 "q";
    .port_info 1 /INPUT 1 "d";
    .port_info 2 /INPUT 1 "clk";
    .port_info 3 /INPUT 1 "enable";
v0000000000f69d10_0 .net "clk", 0 0, v0000000000fdbe00_0;  alias, 1 drivers
v0000000000f693b0_0 .net "d", 0 0, L_0000000000fe02f0;  1 drivers
v0000000000f69130_0 .net "enable", 0 0, v0000000000fdcbc0_0;  alias, 1 drivers
v0000000000f691d0_0 .var "q", 0 0;
S_0000000000f4e720 .scope module, "myFF[3]" "ff" 3 90, 3 1 0, S_0000000000f758a0;
 .timescale 0 0;
    .port_info 0 /OUTPUT 1 "q";
    .port_info 1 /INPUT 1 "d";
    .port_info 2 /INPUT 1 "clk";
    .port_info 3 /INPUT 1 "enable";
v0000000000f69db0_0 .net "clk", 0 0, v0000000000fdbe00_0;  alias, 1 drivers
v0000000000f69e50_0 .net "d", 0 0, L_0000000000fdf030;  1 drivers
v0000000000f69ef0_0 .net "enable", 0 0, v0000000000fdcbc0_0;  alias, 1 drivers
v0000000000f69a90_0 .var "q", 0 0;
S_0000000000f4e8b0 .scope module, "myFF[4]" "ff" 3 90, 3 1 0, S_0000000000f758a0;
 .timescale 0 0;
    .port_info 0 /OUTPUT 1 "q";
    .port_info 1 /INPUT 1 "d";
    .port_info 2 /INPUT 1 "clk";
    .port_info 3 /INPUT 1 "enable";
v0000000000f69f90_0 .net "clk", 0 0, v0000000000fdbe00_0;  alias, 1 drivers
v0000000000f69b30_0 .net "d", 0 0, L_0000000000fdee50;  1 drivers
v0000000000f69950_0 .net "enable", 0 0, v0000000000fdcbc0_0;  alias, 1 drivers
v0000000000f696d0_0 .var "q", 0 0;
S_000000000105cd30 .scope module, "myFF[5]" "ff" 3 90, 3 1 0, S_0000000000f758a0;
 .timescale 0 0;
    .port_info 0 /OUTPUT 1 "q";
    .port_info 1 /INPUT 1 "d";
    .port_info 2 /INPUT 1 "clk";
    .port_info 3 /INPUT 1 "enable";
v0000000000f699f0_0 .net "clk", 0 0, v0000000000fdbe00_0;  alias, 1 drivers
v0000000000f69270_0 .net "d", 0 0, L_0000000000fde630;  1 drivers
v0000000000f69810_0 .net "enable", 0 0, v0000000000fdcbc0_0;  alias, 1 drivers
v0000000000f69770_0 .var "q", 0 0;
S_000000000105cec0 .scope module, "myFF[6]" "ff" 3 90, 3 1 0, S_0000000000f758a0;
 .timescale 0 0;
    .port_info 0 /OUTPUT 1 "q";
    .port_info 1 /INPUT 1 "d";
    .port_info 2 /INPUT 1 "clk";
    .port_info 3 /INPUT 1 "enable";
v0000000000fd09f0_0 .net "clk", 0 0, v0000000000fdbe00_0;  alias, 1 drivers
v0000000000fd1b70_0 .net "d", 0 0, L_0000000000fdf210;  1 drivers
v0000000000fd08b0_0 .net "enable", 0 0, v0000000000fdcbc0_0;  alias, 1 drivers
v0000000000fd17b0_0 .var "q", 0 0;
S_0000000000f45460 .scope module, "myFF[7]" "ff" 3 90, 3 1 0, S_0000000000f758a0;
 .timescale 0 0;
    .port_info 0 /OUTPUT 1 "q";
    .port_info 1 /INPUT 1 "d";
    .port_info 2 /INPUT 1 "clk";
    .port_info 3 /INPUT 1 "enable";
v0000000000fd0a90_0 .net "clk", 0 0, v0000000000fdbe00_0;  alias, 1 drivers
v0000000000fd1850_0 .net "d", 0 0, L_0000000000fdf8f0;  1 drivers
v0000000000fcfd70_0 .net "enable", 0 0, v0000000000fdcbc0_0;  alias, 1 drivers
v0000000000fcfe10_0 .var "q", 0 0;
S_0000000000f455f0 .scope module, "myFF[8]" "ff" 3 90, 3 1 0, S_0000000000f758a0;
 .timescale 0 0;
    .port_info 0 /OUTPUT 1 "q";
    .port_info 1 /INPUT 1 "d";
    .port_info 2 /INPUT 1 "clk";
    .port_info 3 /INPUT 1 "enable";
v0000000000fd0770_0 .net "clk", 0 0, v0000000000fdbe00_0;  alias, 1 drivers
v0000000000fd1490_0 .net "d", 0 0, L_0000000000fdf7b0;  1 drivers
v0000000000fd13f0_0 .net "enable", 0 0, v0000000000fdcbc0_0;  alias, 1 drivers
v0000000000fd1030_0 .var "q", 0 0;
S_0000000000fd5dc0 .scope module, "myFF[9]" "ff" 3 90, 3 1 0, S_0000000000f758a0;
 .timescale 0 0;
    .port_info 0 /OUTPUT 1 "q";
    .port_info 1 /INPUT 1 "d";
    .port_info 2 /INPUT 1 "clk";
    .port_info 3 /INPUT 1 "enable";
v0000000000fd0590_0 .net "clk", 0 0, v0000000000fdbe00_0;  alias, 1 drivers
v0000000000fd0f90_0 .net "d", 0 0, L_0000000000fdeef0;  1 drivers
v0000000000fd1670_0 .net "enable", 0 0, v0000000000fdcbc0_0;  alias, 1 drivers
v0000000000fd0c70_0 .var "q", 0 0;
S_0000000000fd5f50 .scope module, "myFF[10]" "ff" 3 90, 3 1 0, S_0000000000f758a0;
 .timescale 0 0;
    .port_info 0 /OUTPUT 1 "q";
    .port_info 1 /INPUT 1 "d";
    .port_info 2 /INPUT 1 "clk";
    .port_info 3 /INPUT 1 "enable";
v0000000000fd1210_0 .net "clk", 0 0, v0000000000fdbe00_0;  alias, 1 drivers
v0000000000fcfeb0_0 .net "d", 0 0, L_0000000000fdf2b0;  1 drivers
v0000000000fd0310_0 .net "enable", 0 0, v0000000000fdcbc0_0;  alias, 1 drivers
v0000000000fd1530_0 .var "q", 0 0;
S_0000000000fd60e0 .scope module, "myFF[11]" "ff" 3 90, 3 1 0, S_0000000000f758a0;
 .timescale 0 0;
    .port_info 0 /OUTPUT 1 "q";
    .port_info 1 /INPUT 1 "d";
    .port_info 2 /INPUT 1 "clk";
    .port_info 3 /INPUT 1 "enable";
v0000000000fcff50_0 .net "clk", 0 0, v0000000000fdbe00_0;  alias, 1 drivers
v0000000000fcfff0_0 .net "d", 0 0, L_0000000000fdfdf0;  1 drivers
v0000000000fd0810_0 .net "enable", 0 0, v0000000000fdcbc0_0;  alias, 1 drivers
v0000000000fd0950_0 .var "q", 0 0;
S_0000000000fd6f40 .scope module, "myFF[12]" "ff" 3 90, 3 1 0, S_0000000000f758a0;
 .timescale 0 0;
    .port_info 0 /OUTPUT 1 "q";
    .port_info 1 /INPUT 1 "d";
    .port_info 2 /INPUT 1 "clk";
    .port_info 3 /INPUT 1 "enable";
v0000000000fd15d0_0 .net "clk", 0 0, v0000000000fdbe00_0;  alias, 1 drivers
v0000000000fd10d0_0 .net "d", 0 0, L_0000000000fdf350;  1 drivers
v0000000000fd12b0_0 .net "enable", 0 0, v0000000000fdcbc0_0;  alias, 1 drivers
v0000000000fd0630_0 .var "q", 0 0;
S_0000000000fd70d0 .scope module, "myFF[13]" "ff" 3 90, 3 1 0, S_0000000000f758a0;
 .timescale 0 0;
    .port_info 0 /OUTPUT 1 "q";
    .port_info 1 /INPUT 1 "d";
    .port_info 2 /INPUT 1 "clk";
    .port_info 3 /INPUT 1 "enable";
v0000000000fd0090_0 .net "clk", 0 0, v0000000000fdbe00_0;  alias, 1 drivers
v0000000000fd1990_0 .net "d", 0 0, L_0000000000fded10;  1 drivers
v0000000000fcfcd0_0 .net "enable", 0 0, v0000000000fdcbc0_0;  alias, 1 drivers
v0000000000fd1710_0 .var "q", 0 0;
S_0000000000fd6450 .scope module, "myFF[14]" "ff" 3 90, 3 1 0, S_0000000000f758a0;
 .timescale 0 0;
    .port_info 0 /OUTPUT 1 "q";
    .port_info 1 /INPUT 1 "d";
    .port_info 2 /INPUT 1 "clk";
    .port_info 3 /INPUT 1 "enable";
v0000000000fd0ef0_0 .net "clk", 0 0, v0000000000fdbe00_0;  alias, 1 drivers
v0000000000fd1350_0 .net "d", 0 0, L_0000000000fdf990;  1 drivers
v0000000000fd0450_0 .net "enable", 0 0, v0000000000fdcbc0_0;  alias, 1 drivers
v0000000000fd01d0_0 .var "q", 0 0;
S_0000000000fd65e0 .scope module, "myFF[15]" "ff" 3 90, 3 1 0, S_0000000000f758a0;
 .timescale 0 0;
    .port_info 0 /OUTPUT 1 "q";
    .port_info 1 /INPUT 1 "d";
    .port_info 2 /INPUT 1 "clk";
    .port_info 3 /INPUT 1 "enable";
v0000000000fd18f0_0 .net "clk", 0 0, v0000000000fdbe00_0;  alias, 1 drivers
v0000000000fd1170_0 .net "d", 0 0, L_0000000000fdebd0;  1 drivers
v0000000000fd1a30_0 .net "enable", 0 0, v0000000000fdcbc0_0;  alias, 1 drivers
v0000000000fd0d10_0 .var "q", 0 0;
S_0000000000fd6db0 .scope module, "myFF[16]" "ff" 3 90, 3 1 0, S_0000000000f758a0;
 .timescale 0 0;
    .port_info 0 /OUTPUT 1 "q";
    .port_info 1 /INPUT 1 "d";
    .port_info 2 /INPUT 1 "clk";
    .port_info 3 /INPUT 1 "enable";
v0000000000fd0130_0 .net "clk", 0 0, v0000000000fdbe00_0;  alias, 1 drivers
v0000000000fd0db0_0 .net "d", 0 0, L_0000000000fdf3f0;  1 drivers
v0000000000fd0270_0 .net "enable", 0 0, v0000000000fdcbc0_0;  alias, 1 drivers
v0000000000fd0b30_0 .var "q", 0 0;
S_0000000000fd6c20 .scope module, "myFF[17]" "ff" 3 90, 3 1 0, S_0000000000f758a0;
 .timescale 0 0;
    .port_info 0 /OUTPUT 1 "q";
    .port_info 1 /INPUT 1 "d";
    .port_info 2 /INPUT 1 "clk";
    .port_info 3 /INPUT 1 "enable";
v0000000000fd0bd0_0 .net "clk", 0 0, v0000000000fdbe00_0;  alias, 1 drivers
v0000000000fd0e50_0 .net "d", 0 0, L_0000000000fdfe90;  1 drivers
v0000000000fd1ad0_0 .net "enable", 0 0, v0000000000fdcbc0_0;  alias, 1 drivers
v0000000000fd03b0_0 .var "q", 0 0;
S_0000000000fd6770 .scope module, "myFF[18]" "ff" 3 90, 3 1 0, S_0000000000f758a0;
 .timescale 0 0;
    .port_info 0 /OUTPUT 1 "q";
    .port_info 1 /INPUT 1 "d";
    .port_info 2 /INPUT 1 "clk";
    .port_info 3 /INPUT 1 "enable";
v0000000000fd04f0_0 .net "clk", 0 0, v0000000000fdbe00_0;  alias, 1 drivers
v0000000000fd06d0_0 .net "d", 0 0, L_0000000000fdf670;  1 drivers
v0000000000fd4dd0_0 .net "enable", 0 0, v0000000000fdcbc0_0;  alias, 1 drivers
v0000000000fd4a10_0 .var "q", 0 0;
S_0000000000fd6a90 .scope module, "myFF[19]" "ff" 3 90, 3 1 0, S_0000000000f758a0;
 .timescale 0 0;
    .port_info 0 /OUTPUT 1 "q";
    .port_info 1 /INPUT 1 "d";
    .port_info 2 /INPUT 1 "clk";
    .port_info 3 /INPUT 1 "enable";
v0000000000fd4970_0 .net "clk", 0 0, v0000000000fdbe00_0;  alias, 1 drivers
v0000000000fd5690_0 .net "d", 0 0, L_0000000000fde450;  1 drivers
v0000000000fd4ab0_0 .net "enable", 0 0, v0000000000fdcbc0_0;  alias, 1 drivers
v0000000000fd5b90_0 .var "q", 0 0;
S_0000000000fd6900 .scope module, "myFF[20]" "ff" 3 90, 3 1 0, S_0000000000f758a0;
 .timescale 0 0;
    .port_info 0 /OUTPUT 1 "q";
    .port_info 1 /INPUT 1 "d";
    .port_info 2 /INPUT 1 "clk";
    .port_info 3 /INPUT 1 "enable";
v0000000000fd52d0_0 .net "clk", 0 0, v0000000000fdbe00_0;  alias, 1 drivers
v0000000000fd4fb0_0 .net "d", 0 0, L_0000000000fdf530;  1 drivers
v0000000000fd4f10_0 .net "enable", 0 0, v0000000000fdcbc0_0;  alias, 1 drivers
v0000000000fd3cf0_0 .var "q", 0 0;
S_0000000000fd62c0 .scope module, "myFF[21]" "ff" 3 90, 3 1 0, S_0000000000f758a0;
 .timescale 0 0;
    .port_info 0 /OUTPUT 1 "q";
    .port_info 1 /INPUT 1 "d";
    .port_info 2 /INPUT 1 "clk";
    .port_info 3 /INPUT 1 "enable";
v0000000000fd4b50_0 .net "clk", 0 0, v0000000000fdbe00_0;  alias, 1 drivers
v0000000000fd59b0_0 .net "d", 0 0, L_0000000000fdf490;  1 drivers
v0000000000fd5050_0 .net "enable", 0 0, v0000000000fdcbc0_0;  alias, 1 drivers
v0000000000fd4510_0 .var "q", 0 0;
S_0000000000fd7d90 .scope module, "myFF[22]" "ff" 3 90, 3 1 0, S_0000000000f758a0;
 .timescale 0 0;
    .port_info 0 /OUTPUT 1 "q";
    .port_info 1 /INPUT 1 "d";
    .port_info 2 /INPUT 1 "clk";
    .port_info 3 /INPUT 1 "enable";
v0000000000fd50f0_0 .net "clk", 0 0, v0000000000fdbe00_0;  alias, 1 drivers
v0000000000fd5730_0 .net "d", 0 0, L_0000000000fdff30;  1 drivers
v0000000000fd4470_0 .net "enable", 0 0, v0000000000fdcbc0_0;  alias, 1 drivers
v0000000000fd4e70_0 .var "q", 0 0;
S_0000000000fd9500 .scope module, "myFF[23]" "ff" 3 90, 3 1 0, S_0000000000f758a0;
 .timescale 0 0;
    .port_info 0 /OUTPUT 1 "q";
    .port_info 1 /INPUT 1 "d";
    .port_info 2 /INPUT 1 "clk";
    .port_info 3 /INPUT 1 "enable";
v0000000000fd3d90_0 .net "clk", 0 0, v0000000000fdbe00_0;  alias, 1 drivers
v0000000000fd5af0_0 .net "d", 0 0, L_0000000000fde4f0;  1 drivers
v0000000000fd3e30_0 .net "enable", 0 0, v0000000000fdcbc0_0;  alias, 1 drivers
v0000000000fd4650_0 .var "q", 0 0;
S_0000000000fd8ec0 .scope module, "myFF[24]" "ff" 3 90, 3 1 0, S_0000000000f758a0;
 .timescale 0 0;
    .port_info 0 /OUTPUT 1 "q";
    .port_info 1 /INPUT 1 "d";
    .port_info 2 /INPUT 1 "clk";
    .port_info 3 /INPUT 1 "enable";
v0000000000fd3ed0_0 .net "clk", 0 0, v0000000000fdbe00_0;  alias, 1 drivers
v0000000000fd5190_0 .net "d", 0 0, L_0000000000fdedb0;  1 drivers
v0000000000fd4c90_0 .net "enable", 0 0, v0000000000fdcbc0_0;  alias, 1 drivers
v0000000000fd3f70_0 .var "q", 0 0;
S_0000000000fd9820 .scope module, "myFF[25]" "ff" 3 90, 3 1 0, S_0000000000f758a0;
 .timescale 0 0;
    .port_info 0 /OUTPUT 1 "q";
    .port_info 1 /INPUT 1 "d";
    .port_info 2 /INPUT 1 "clk";
    .port_info 3 /INPUT 1 "enable";
v0000000000fd4790_0 .net "clk", 0 0, v0000000000fdbe00_0;  alias, 1 drivers
v0000000000fd40b0_0 .net "d", 0 0, L_0000000000fdf5d0;  1 drivers
v0000000000fd4bf0_0 .net "enable", 0 0, v0000000000fdcbc0_0;  alias, 1 drivers
v0000000000fd48d0_0 .var "q", 0 0;
S_0000000000fd8ba0 .scope module, "myFF[26]" "ff" 3 90, 3 1 0, S_0000000000f758a0;
 .timescale 0 0;
    .port_info 0 /OUTPUT 1 "q";
    .port_info 1 /INPUT 1 "d";
    .port_info 2 /INPUT 1 "clk";
    .port_info 3 /INPUT 1 "enable";
v0000000000fd41f0_0 .net "clk", 0 0, v0000000000fdbe00_0;  alias, 1 drivers
v0000000000fd4d30_0 .net "d", 0 0, L_0000000000fe01b0;  1 drivers
v0000000000fd43d0_0 .net "enable", 0 0, v0000000000fdcbc0_0;  alias, 1 drivers
v0000000000fd5230_0 .var "q", 0 0;
S_0000000000fd8880 .scope module, "myFF[27]" "ff" 3 90, 3 1 0, S_0000000000f758a0;
 .timescale 0 0;
    .port_info 0 /OUTPUT 1 "q";
    .port_info 1 /INPUT 1 "d";
    .port_info 2 /INPUT 1 "clk";
    .port_info 3 /INPUT 1 "enable";
v0000000000fd5370_0 .net "clk", 0 0, v0000000000fdbe00_0;  alias, 1 drivers
v0000000000fd4010_0 .net "d", 0 0, L_0000000000fe0250;  1 drivers
v0000000000fd5410_0 .net "enable", 0 0, v0000000000fdcbc0_0;  alias, 1 drivers
v0000000000fd54b0_0 .var "q", 0 0;
S_0000000000fd8a10 .scope module, "myFF[28]" "ff" 3 90, 3 1 0, S_0000000000f758a0;
 .timescale 0 0;
    .port_info 0 /OUTPUT 1 "q";
    .port_info 1 /INPUT 1 "d";
    .port_info 2 /INPUT 1 "clk";
    .port_info 3 /INPUT 1 "enable";
v0000000000fd4290_0 .net "clk", 0 0, v0000000000fdbe00_0;  alias, 1 drivers
v0000000000fd4330_0 .net "d", 0 0, L_0000000000fdf710;  1 drivers
v0000000000fd5550_0 .net "enable", 0 0, v0000000000fdcbc0_0;  alias, 1 drivers
v0000000000fd55f0_0 .var "q", 0 0;
S_0000000000fd9050 .scope module, "myFF[29]" "ff" 3 90, 3 1 0, S_0000000000f758a0;
 .timescale 0 0;
    .port_info 0 /OUTPUT 1 "q";
    .port_info 1 /INPUT 1 "d";
    .port_info 2 /INPUT 1 "clk";
    .port_info 3 /INPUT 1 "enable";
v0000000000fd5870_0 .net "clk", 0 0, v0000000000fdbe00_0;  alias, 1 drivers
v0000000000fd57d0_0 .net "d", 0 0, L_0000000000fdf850;  1 drivers
v0000000000fd5910_0 .net "enable", 0 0, v0000000000fdcbc0_0;  alias, 1 drivers
v0000000000fd5a50_0 .var "q", 0 0;
S_0000000000fd99b0 .scope module, "myFF[30]" "ff" 3 90, 3 1 0, S_0000000000f758a0;
 .timescale 0 0;
    .port_info 0 /OUTPUT 1 "q";
    .port_info 1 /INPUT 1 "d";
    .port_info 2 /INPUT 1 "clk";
    .port_info 3 /INPUT 1 "enable";
v0000000000fd45b0_0 .net "clk", 0 0, v0000000000fdbe00_0;  alias, 1 drivers
v0000000000fd4150_0 .net "d", 0 0, L_0000000000fdfb70;  1 drivers
v0000000000fd46f0_0 .net "enable", 0 0, v0000000000fdcbc0_0;  alias, 1 drivers
v0000000000fd4830_0 .var "q", 0 0;
S_0000000000fd80b0 .scope module, "myFF[31]" "ff" 3 90, 3 1 0, S_0000000000f758a0;
 .timescale 0 0;
    .port_info 0 /OUTPUT 1 "q";
    .port_info 1 /INPUT 1 "d";
    .port_info 2 /INPUT 1 "clk";
    .port_info 3 /INPUT 1 "enable";
v0000000000fdd7a0_0 .net "clk", 0 0, v0000000000fdbe00_0;  alias, 1 drivers
v0000000000fdd2a0_0 .net "d", 0 0, L_0000000000fdf0d0;  1 drivers
v0000000000fdd200_0 .net "enable", 0 0, v0000000000fdcbc0_0;  alias, 1 drivers
v0000000000fdcc60_0 .var "q", 0 0;
S_0000000000f67c70 .scope module, "mem" "mem" 3 14;
 .timescale 0 0;
    .port_info 0 /OUTPUT 32 "memOut";
    .port_info 1 /INPUT 32 "address";
    .port_info 2 /INPUT 32 "memIn";
    .port_info 3 /INPUT 1 "clk";
    .port_info 4 /INPUT 1 "read";
    .port_info 5 /INPUT 1 "write";
P_0000000000f7d3d0 .param/l "CAPACITY" 0 3 22, C4<1111111111111111>;
P_0000000000f7d408 .param/l "DEBUG" 0 3 20, +C4<00000000000000000000000000000000>;
v0000000000fdd160_0 .net *"_s3", 31 0, L_0000000000fdef90;  1 drivers
o0000000000f80178 .functor BUFZ 32, C4<zzzzzzzzzzzzzzzzzzzzzzzzzzzzzzzz>; HiZ drive
v0000000000fdcee0_0 .net "address", 31 0, o0000000000f80178;  0 drivers
v0000000000fdd8e0 .array "arr", 65535 0, 31 0;
o0000000000f801a8 .functor BUFZ 1, C4<z>; HiZ drive
v0000000000fdc620_0 .net "clk", 0 0, o0000000000f801a8;  0 drivers
v0000000000fdc080_0 .var "fresh", 0 0;
o0000000000f80208 .functor BUFZ 32, C4<zzzzzzzzzzzzzzzzzzzzzzzzzzzzzzzz>; HiZ drive
v0000000000fdc940_0 .net "memIn", 31 0, o0000000000f80208;  0 drivers
v0000000000fdc4e0_0 .var "memOut", 31 0;
o0000000000f80268 .functor BUFZ 1, C4<z>; HiZ drive
v0000000000fdc800_0 .net "read", 0 0, o0000000000f80268;  0 drivers
o0000000000f80298 .functor BUFZ 1, C4<z>; HiZ drive
v0000000000fdc300_0 .net "write", 0 0, o0000000000f80298;  0 drivers
E_0000000000f77bb0 .event posedge, v0000000000fdc620_0;
E_0000000000f77f70 .event edge, L_0000000000fdef90, v0000000000fdcee0_0, v0000000000fdc800_0;
L_0000000000fdef90 .array/port v0000000000fdd8e0, o0000000000f80178;
S_0000000000f45100 .scope module, "rf" "rf" 3 94;
 .timescale 0 0;
    .port_info 0 /OUTPUT 32 "RD1";
    .port_info 1 /OUTPUT 32 "RD2";
    .port_info 2 /INPUT 5 "RN1";
    .port_info 3 /INPUT 5 "RN2";
    .port_info 4 /INPUT 5 "WN";
    .port_info 5 /INPUT 32 "WD";
    .port_info 6 /INPUT 1 "clk";
    .port_info 7 /INPUT 1 "W";
P_0000000000f772f0 .param/l "DEBUG" 0 3 99, +C4<00000000000000000000000000000000>;
v0000000000fdca80_0 .var "RD1", 31 0;
v0000000000fdcf80_0 .var "RD2", 31 0;
o0000000000f80448 .functor BUFZ 5, C4<zzzzz>; HiZ drive
v0000000000fdbcc0_0 .net "RN1", 4 0, o0000000000f80448;  0 drivers
o0000000000f80478 .functor BUFZ 5, C4<zzzzz>; HiZ drive
v0000000000fdcda0_0 .net "RN2", 4 0, o0000000000f80478;  0 drivers
o0000000000f804a8 .functor BUFZ 1, C4<z>; HiZ drive
v0000000000fdc8a0_0 .net "W", 0 0, o0000000000f804a8;  0 drivers
o0000000000f804d8 .functor BUFZ 32, C4<zzzzzzzzzzzzzzzzzzzzzzzzzzzzzzzz>; HiZ drive
v0000000000fdbea0_0 .net "WD", 31 0, o0000000000f804d8;  0 drivers
o0000000000f80508 .functor BUFZ 5, C4<zzzzz>; HiZ drive
v0000000000fdd480_0 .net "WN", 4 0, o0000000000f80508;  0 drivers
v0000000000fdc580_0 .net *"_s10", 6 0, L_0000000000fdec70;  1 drivers
v0000000000fdd3e0_0 .net *"_s15", 31 0, L_0000000000fdf170;  1 drivers
v0000000000fdc120_0 .net *"_s17", 6 0, L_0000000000fde590;  1 drivers
v0000000000fdce40_0 .net *"_s2", 31 0, L_0000000000fdfcb0;  1 drivers
L_0000000001060118 .functor BUFT 1, C4<00>, C4<0>, C4<0>, C4<0>;
v0000000000fdd020_0 .net *"_s20", 1 0, L_0000000001060118;  1 drivers
L_0000000001060160 .functor BUFT 1, C4<0000001>, C4<0>, C4<0>, C4<0>;
v0000000000fdc1c0_0 .net/2u *"_s21", 6 0, L_0000000001060160;  1 drivers
v0000000000fdd0c0_0 .net *"_s23", 6 0, L_0000000000fdfad0;  1 drivers
v0000000000fdd5c0_0 .net *"_s4", 6 0, L_0000000000fdffd0;  1 drivers
L_0000000001060088 .functor BUFT 1, C4<00>, C4<0>, C4<0>, C4<0>;
v0000000000fdd980_0 .net *"_s7", 1 0, L_0000000001060088;  1 drivers
L_00000000010600d0 .functor BUFT 1, C4<0000001>, C4<0>, C4<0>, C4<0>;
v0000000000fdbc20_0 .net/2u *"_s8", 6 0, L_00000000010600d0;  1 drivers
v0000000000fdda20 .array "arr", 31 1, 31 0;
o0000000000f80718 .functor BUFZ 1, C4<z>; HiZ drive
v0000000000fdd520_0 .net "clk", 0 0, o0000000000f80718;  0 drivers
E_0000000000f772b0 .event posedge, v0000000000fdd520_0;
E_0000000000f77370 .event edge, L_0000000000fdf170, v0000000000fdcda0_0;
E_0000000000f77930 .event edge, L_0000000000fdfcb0, v0000000000fdbcc0_0;
L_0000000000fdfcb0 .array/port v0000000000fdda20, L_0000000000fdec70;
L_0000000000fdffd0 .concat [ 5 2 0 0], o0000000000f80448, L_0000000001060088;
L_0000000000fdec70 .arith/sub 7, L_0000000000fdffd0, L_00000000010600d0;
L_0000000000fdf170 .array/port v0000000000fdda20, L_0000000000fdfad0;
L_0000000000fde590 .concat [ 5 2 0 0], o0000000000f80478, L_0000000001060118;
L_0000000000fdfad0 .arith/sub 7, L_0000000000fde590, L_0000000001060160;
S_0000000000f45290 .scope module, "sk" "sk" 3 137;
 .timescale 0 0;
    .port_info 0 /OUTPUT 1 "upper";
    .port_info 1 /OUTPUT 1 "lower";
    .port_info 2 /INPUT 1 "a";
    .port_info 3 /INPUT 1 "b";
    .port_info 4 /INPUT 1 "c";
    .port_info 5 /INPUT 1 "d";
o0000000000f808c8 .functor BUFZ 1, C4<z>; HiZ drive
o0000000000f808f8 .functor BUFZ 1, C4<z>; HiZ drive
o0000000000f80928 .functor BUFZ 1, C4<z>; HiZ drive
o0000000000f80958 .functor BUFZ 1, C4<z>; HiZ drive
L_0000000000f7bdc0 .functor OR 1, o0000000000f808c8, o0000000000f808f8, o0000000000f80928, o0000000000f80958;
L_0000000000f7c1b0 .functor NOT 1, o0000000000f80928, C4<0>, C4<0>, C4<0>;
L_0000000000f7b7a0 .functor XOR 1, o0000000000f808c8, o0000000000f808f8, L_0000000000f7c1b0, o0000000000f80958;
v0000000000fdd660_0 .net "a", 0 0, o0000000000f808c8;  0 drivers
v0000000000fdbd60_0 .net "b", 0 0, o0000000000f808f8;  0 drivers
v0000000000fdd700_0 .net "c", 0 0, o0000000000f80928;  0 drivers
v0000000000fdd840_0 .net "d", 0 0, o0000000000f80958;  0 drivers
v0000000000fdc260_0 .net "lower", 0 0, L_0000000000f7b7a0;  1 drivers
v0000000000fdc9e0_0 .net "notC", 0 0, L_0000000000f7c1b0;  1 drivers
v0000000000fdc3a0_0 .net "upper", 0 0, L_0000000000f7bdc0;  1 drivers
    .scope S_0000000000f75a30;
T_0 ;
    %wait E_0000000000f77cb0;
    %load/vec4 v0000000000f70790_0;
    %flag_set/vec4 8;
    %jmp/0xz  T_0.0, 8;
    %load/vec4 v0000000000f72130_0;
    %assign/vec4 v0000000000f70830_0, 0;
T_0.0 ;
    %jmp T_0;
    .thread T_0;
    .scope S_0000000000f50470;
T_1 ;
    %wait E_0000000000f77cb0;
    %load/vec4 v0000000000f69310_0;
    %flag_set/vec4 8;
    %jmp/0xz  T_1.0, 8;
    %load/vec4 v0000000000f69590_0;
    %assign/vec4 v0000000000f698b0_0, 0;
T_1.0 ;
    %jmp T_1;
    .thread T_1;
    .scope S_0000000000f50600;
T_2 ;
    %wait E_0000000000f77cb0;
    %load/vec4 v0000000000f69130_0;
    %flag_set/vec4 8;
    %jmp/0xz  T_2.0, 8;
    %load/vec4 v0000000000f693b0_0;
    %assign/vec4 v0000000000f691d0_0, 0;
T_2.0 ;
    %jmp T_2;
    .thread T_2;
    .scope S_0000000000f4e720;
T_3 ;
    %wait E_0000000000f77cb0;
    %load/vec4 v0000000000f69ef0_0;
    %flag_set/vec4 8;
    %jmp/0xz  T_3.0, 8;
    %load/vec4 v0000000000f69e50_0;
    %assign/vec4 v0000000000f69a90_0, 0;
T_3.0 ;
    %jmp T_3;
    .thread T_3;
    .scope S_0000000000f4e8b0;
T_4 ;
    %wait E_0000000000f77cb0;
    %load/vec4 v0000000000f69950_0;
    %flag_set/vec4 8;
    %jmp/0xz  T_4.0, 8;
    %load/vec4 v0000000000f69b30_0;
    %assign/vec4 v0000000000f696d0_0, 0;
T_4.0 ;
    %jmp T_4;
    .thread T_4;
    .scope S_000000000105cd30;
T_5 ;
    %wait E_0000000000f77cb0;
    %load/vec4 v0000000000f69810_0;
    %flag_set/vec4 8;
    %jmp/0xz  T_5.0, 8;
    %load/vec4 v0000000000f69270_0;
    %assign/vec4 v0000000000f69770_0, 0;
T_5.0 ;
    %jmp T_5;
    .thread T_5;
    .scope S_000000000105cec0;
T_6 ;
    %wait E_0000000000f77cb0;
    %load/vec4 v0000000000fd08b0_0;
    %flag_set/vec4 8;
    %jmp/0xz  T_6.0, 8;
    %load/vec4 v0000000000fd1b70_0;
    %assign/vec4 v0000000000fd17b0_0, 0;
T_6.0 ;
    %jmp T_6;
    .thread T_6;
    .scope S_0000000000f45460;
T_7 ;
    %wait E_0000000000f77cb0;
    %load/vec4 v0000000000fcfd70_0;
    %flag_set/vec4 8;
    %jmp/0xz  T_7.0, 8;
    %load/vec4 v0000000000fd1850_0;
    %assign/vec4 v0000000000fcfe10_0, 0;
T_7.0 ;
    %jmp T_7;
    .thread T_7;
    .scope S_0000000000f455f0;
T_8 ;
    %wait E_0000000000f77cb0;
    %load/vec4 v0000000000fd13f0_0;
    %flag_set/vec4 8;
    %jmp/0xz  T_8.0, 8;
    %load/vec4 v0000000000fd1490_0;
    %assign/vec4 v0000000000fd1030_0, 0;
T_8.0 ;
    %jmp T_8;
    .thread T_8;
    .scope S_0000000000fd5dc0;
T_9 ;
    %wait E_0000000000f77cb0;
    %load/vec4 v0000000000fd1670_0;
    %flag_set/vec4 8;
    %jmp/0xz  T_9.0, 8;
    %load/vec4 v0000000000fd0f90_0;
    %assign/vec4 v0000000000fd0c70_0, 0;
T_9.0 ;
    %jmp T_9;
    .thread T_9;
    .scope S_0000000000fd5f50;
T_10 ;
    %wait E_0000000000f77cb0;
    %load/vec4 v0000000000fd0310_0;
    %flag_set/vec4 8;
    %jmp/0xz  T_10.0, 8;
    %load/vec4 v0000000000fcfeb0_0;
    %assign/vec4 v0000000000fd1530_0, 0;
T_10.0 ;
    %jmp T_10;
    .thread T_10;
    .scope S_0000000000fd60e0;
T_11 ;
    %wait E_0000000000f77cb0;
    %load/vec4 v0000000000fd0810_0;
    %flag_set/vec4 8;
    %jmp/0xz  T_11.0, 8;
    %load/vec4 v0000000000fcfff0_0;
    %assign/vec4 v0000000000fd0950_0, 0;
T_11.0 ;
    %jmp T_11;
    .thread T_11;
    .scope S_0000000000fd6f40;
T_12 ;
    %wait E_0000000000f77cb0;
    %load/vec4 v0000000000fd12b0_0;
    %flag_set/vec4 8;
    %jmp/0xz  T_12.0, 8;
    %load/vec4 v0000000000fd10d0_0;
    %assign/vec4 v0000000000fd0630_0, 0;
T_12.0 ;
    %jmp T_12;
    .thread T_12;
    .scope S_0000000000fd70d0;
T_13 ;
    %wait E_0000000000f77cb0;
    %load/vec4 v0000000000fcfcd0_0;
    %flag_set/vec4 8;
    %jmp/0xz  T_13.0, 8;
    %load/vec4 v0000000000fd1990_0;
    %assign/vec4 v0000000000fd1710_0, 0;
T_13.0 ;
    %jmp T_13;
    .thread T_13;
    .scope S_0000000000fd6450;
T_14 ;
    %wait E_0000000000f77cb0;
    %load/vec4 v0000000000fd0450_0;
    %flag_set/vec4 8;
    %jmp/0xz  T_14.0, 8;
    %load/vec4 v0000000000fd1350_0;
    %assign/vec4 v0000000000fd01d0_0, 0;
T_14.0 ;
    %jmp T_14;
    .thread T_14;
    .scope S_0000000000fd65e0;
T_15 ;
    %wait E_0000000000f77cb0;
    %load/vec4 v0000000000fd1a30_0;
    %flag_set/vec4 8;
    %jmp/0xz  T_15.0, 8;
    %load/vec4 v0000000000fd1170_0;
    %assign/vec4 v0000000000fd0d10_0, 0;
T_15.0 ;
    %jmp T_15;
    .thread T_15;
    .scope S_0000000000fd6db0;
T_16 ;
    %wait E_0000000000f77cb0;
    %load/vec4 v0000000000fd0270_0;
    %flag_set/vec4 8;
    %jmp/0xz  T_16.0, 8;
    %load/vec4 v0000000000fd0db0_0;
    %assign/vec4 v0000000000fd0b30_0, 0;
T_16.0 ;
    %jmp T_16;
    .thread T_16;
    .scope S_0000000000fd6c20;
T_17 ;
    %wait E_0000000000f77cb0;
    %load/vec4 v0000000000fd1ad0_0;
    %flag_set/vec4 8;
    %jmp/0xz  T_17.0, 8;
    %load/vec4 v0000000000fd0e50_0;
    %assign/vec4 v0000000000fd03b0_0, 0;
T_17.0 ;
    %jmp T_17;
    .thread T_17;
    .scope S_0000000000fd6770;
T_18 ;
    %wait E_0000000000f77cb0;
    %load/vec4 v0000000000fd4dd0_0;
    %flag_set/vec4 8;
    %jmp/0xz  T_18.0, 8;
    %load/vec4 v0000000000fd06d0_0;
    %assign/vec4 v0000000000fd4a10_0, 0;
T_18.0 ;
    %jmp T_18;
    .thread T_18;
    .scope S_0000000000fd6a90;
T_19 ;
    %wait E_0000000000f77cb0;
    %load/vec4 v0000000000fd4ab0_0;
    %flag_set/vec4 8;
    %jmp/0xz  T_19.0, 8;
    %load/vec4 v0000000000fd5690_0;
    %assign/vec4 v0000000000fd5b90_0, 0;
T_19.0 ;
    %jmp T_19;
    .thread T_19;
    .scope S_0000000000fd6900;
T_20 ;
    %wait E_0000000000f77cb0;
    %load/vec4 v0000000000fd4f10_0;
    %flag_set/vec4 8;
    %jmp/0xz  T_20.0, 8;
    %load/vec4 v0000000000fd4fb0_0;
    %assign/vec4 v0000000000fd3cf0_0, 0;
T_20.0 ;
    %jmp T_20;
    .thread T_20;
    .scope S_0000000000fd62c0;
T_21 ;
    %wait E_0000000000f77cb0;
    %load/vec4 v0000000000fd5050_0;
    %flag_set/vec4 8;
    %jmp/0xz  T_21.0, 8;
    %load/vec4 v0000000000fd59b0_0;
    %assign/vec4 v0000000000fd4510_0, 0;
T_21.0 ;
    %jmp T_21;
    .thread T_21;
    .scope S_0000000000fd7d90;
T_22 ;
    %wait E_0000000000f77cb0;
    %load/vec4 v0000000000fd4470_0;
    %flag_set/vec4 8;
    %jmp/0xz  T_22.0, 8;
    %load/vec4 v0000000000fd5730_0;
    %assign/vec4 v0000000000fd4e70_0, 0;
T_22.0 ;
    %jmp T_22;
    .thread T_22;
    .scope S_0000000000fd9500;
T_23 ;
    %wait E_0000000000f77cb0;
    %load/vec4 v0000000000fd3e30_0;
    %flag_set/vec4 8;
    %jmp/0xz  T_23.0, 8;
    %load/vec4 v0000000000fd5af0_0;
    %assign/vec4 v0000000000fd4650_0, 0;
T_23.0 ;
    %jmp T_23;
    .thread T_23;
    .scope S_0000000000fd8ec0;
T_24 ;
    %wait E_0000000000f77cb0;
    %load/vec4 v0000000000fd4c90_0;
    %flag_set/vec4 8;
    %jmp/0xz  T_24.0, 8;
    %load/vec4 v0000000000fd5190_0;
    %assign/vec4 v0000000000fd3f70_0, 0;
T_24.0 ;
    %jmp T_24;
    .thread T_24;
    .scope S_0000000000fd9820;
T_25 ;
    %wait E_0000000000f77cb0;
    %load/vec4 v0000000000fd4bf0_0;
    %flag_set/vec4 8;
    %jmp/0xz  T_25.0, 8;
    %load/vec4 v0000000000fd40b0_0;
    %assign/vec4 v0000000000fd48d0_0, 0;
T_25.0 ;
    %jmp T_25;
    .thread T_25;
    .scope S_0000000000fd8ba0;
T_26 ;
    %wait E_0000000000f77cb0;
    %load/vec4 v0000000000fd43d0_0;
    %flag_set/vec4 8;
    %jmp/0xz  T_26.0, 8;
    %load/vec4 v0000000000fd4d30_0;
    %assign/vec4 v0000000000fd5230_0, 0;
T_26.0 ;
    %jmp T_26;
    .thread T_26;
    .scope S_0000000000fd8880;
T_27 ;
    %wait E_0000000000f77cb0;
    %load/vec4 v0000000000fd5410_0;
    %flag_set/vec4 8;
    %jmp/0xz  T_27.0, 8;
    %load/vec4 v0000000000fd4010_0;
    %assign/vec4 v0000000000fd54b0_0, 0;
T_27.0 ;
    %jmp T_27;
    .thread T_27;
    .scope S_0000000000fd8a10;
T_28 ;
    %wait E_0000000000f77cb0;
    %load/vec4 v0000000000fd5550_0;
    %flag_set/vec4 8;
    %jmp/0xz  T_28.0, 8;
    %load/vec4 v0000000000fd4330_0;
    %assign/vec4 v0000000000fd55f0_0, 0;
T_28.0 ;
    %jmp T_28;
    .thread T_28;
    .scope S_0000000000fd9050;
T_29 ;
    %wait E_0000000000f77cb0;
    %load/vec4 v0000000000fd5910_0;
    %flag_set/vec4 8;
    %jmp/0xz  T_29.0, 8;
    %load/vec4 v0000000000fd57d0_0;
    %assign/vec4 v0000000000fd5a50_0, 0;
T_29.0 ;
    %jmp T_29;
    .thread T_29;
    .scope S_0000000000fd99b0;
T_30 ;
    %wait E_0000000000f77cb0;
    %load/vec4 v0000000000fd46f0_0;
    %flag_set/vec4 8;
    %jmp/0xz  T_30.0, 8;
    %load/vec4 v0000000000fd4150_0;
    %assign/vec4 v0000000000fd4830_0, 0;
T_30.0 ;
    %jmp T_30;
    .thread T_30;
    .scope S_0000000000fd80b0;
T_31 ;
    %wait E_0000000000f77cb0;
    %load/vec4 v0000000000fdd200_0;
    %flag_set/vec4 8;
    %jmp/0xz  T_31.0, 8;
    %load/vec4 v0000000000fdd2a0_0;
    %assign/vec4 v0000000000fdcc60_0, 0;
T_31.0 ;
    %jmp T_31;
    .thread T_31;
    .scope S_0000000000f68f00;
T_32 ;
    %pushi/vec4 20, 0, 32;
T_32.0 %dup/vec4;
    %pushi/vec4 0, 0, 32;
    %cmp/s;
    %jmp/1xz T_32.1, 5;
    %jmp/1 T_32.1, 4;
    %pushi/vec4 1, 0, 32;
    %sub;
    %delay 2, 0;
    %vpi_func 2 12 "$random" 32 {0 0 0};
    %pushi/vec4 100, 0, 32;
    %mod/s;
    %store/vec4 v0000000000fdd340_0, 0, 32;
    %delay 1, 0;
    %jmp T_32.0;
T_32.1 ;
    %pop/vec4 1;
    %vpi_call 2 15 "$finish" {0 0 0};
    %end;
    .thread T_32;
    .scope S_0000000000f68f00;
T_33 ;
    %pushi/vec4 1, 0, 1;
    %store/vec4 v0000000000fdcbc0_0, 0, 1;
    %load/vec4 v0000000000fdbe00_0;
    %pad/u 32;
    %cmpi/e 1, 0, 32;
    %jmp/0xz  T_33.0, 6;
    %load/vec4 v0000000000fdc6c0_0;
    %load/vec4 v0000000000fdd340_0;
    %cmp/e;
    %flag_get/vec4 6;
    %pad/u 32;
    %store/vec4 v0000000000fdbfe0_0, 0, 32;
T_33.0 ;
    %delay 1, 0;
    %pushi/vec4 0, 0, 1;
    %store/vec4 v0000000000fdbe00_0, 0, 1;
    %delay 5, 0;
    %load/vec4 v0000000000fdbe00_0;
    %inv;
    %store/vec4 v0000000000fdbe00_0, 0, 1;
    %delay 1, 0;
    %jmp T_33;
    .thread T_33;
    .scope S_0000000000f68f00;
T_34 ;
    %delay 1, 0;
    %vpi_call 2 33 "$monitor", "%5d: clk=%b d=%d z=%d expect=%d", $time, v0000000000fdbe00_0, v0000000000fdd340_0, v0000000000fdc6c0_0, v0000000000fdbfe0_0 {0 0 0};
    %end;
    .thread T_34;
    .scope S_0000000000f67c70;
T_35 ;
    %pushi/vec4 1, 0, 1;
    %store/vec4 v0000000000fdc080_0, 0, 1;
    %end;
    .thread T_35;
    .scope S_0000000000f67c70;
T_36 ;
    %wait E_0000000000f77f70;
    %load/vec4 v0000000000fdc080_0;
    %pad/u 32;
    %cmpi/e 1, 0, 32;
    %jmp/0xz  T_36.0, 4;
    %pushi/vec4 0, 0, 1;
    %store/vec4 v0000000000fdc080_0, 0, 1;
    %vpi_call 3 35 "$readmemh", "ram.dat", v0000000000fdd8e0 {0 0 0};
T_36.0 ;
    %load/vec4 v0000000000fdc800_0;
    %pad/u 32;
    %cmpi/e 1, 0, 32;
    %jmp/0xz  T_36.2, 4;
    %load/vec4 v0000000000fdcee0_0;
    %parti/s 2, 0, 2;
    %cmpi/ne 0, 0, 2;
    %jmp/0xz  T_36.4, 4;
    %pushi/vec4 4294967295, 4294967295, 32;
    %store/vec4 v0000000000fdc4e0_0, 0, 32;
    %jmp T_36.5;
T_36.4 ;
    %load/vec4 v0000000000fdcee0_0;
    %cmpi/u 65535, 0, 32;
    %flag_or 5, 4; GT is !LE
    %flag_inv 5;
    %jmp/0xz  T_36.6, 5;
    %pushi/vec4 4294967295, 4294967295, 32;
    %store/vec4 v0000000000fdc4e0_0, 0, 32;
    %jmp T_36.7;
T_36.6 ;
    %ix/getv 4, v0000000000fdcee0_0;
    %load/vec4a v0000000000fdd8e0, 4;
    %store/vec4 v0000000000fdc4e0_0, 0, 32;
T_36.7 ;
T_36.5 ;
T_36.2 ;
    %jmp T_36;
    .thread T_36, $push;
    .scope S_0000000000f67c70;
T_37 ;
    %wait E_0000000000f77bb0;
    %load/vec4 v0000000000fdc300_0;
    %pad/u 32;
    %cmpi/e 1, 0, 32;
    %jmp/0xz  T_37.0, 4;
    %load/vec4 v0000000000fdcee0_0;
    %parti/s 2, 0, 2;
    %cmpi/ne 0, 0, 2;
    %jmp/0xz  T_37.2, 4;
    %jmp T_37.3;
T_37.2 ;
    %load/vec4 v0000000000fdcee0_0;
    %cmpi/u 65535, 0, 32;
    %flag_or 5, 4; GT is !LE
    %flag_inv 5;
    %jmp/0xz  T_37.4, 5;
    %vpi_call 3 67 "$display", "Address %d out of range %d", v0000000000fdcee0_0, P_0000000000f7d3d0 {0 0 0};
    %jmp T_37.5;
T_37.4 ;
    %load/vec4 v0000000000fdc940_0;
    %ix/getv 3, v0000000000fdcee0_0;
    %ix/load 4, 0, 0; Constant delay
    %assign/vec4/a/d v0000000000fdd8e0, 0, 4;
T_37.5 ;
T_37.3 ;
T_37.0 ;
    %jmp T_37;
    .thread T_37;
    .scope S_0000000000f45100;
T_38 ;
    %wait E_0000000000f77930;
    %load/vec4 v0000000000fdbcc0_0;
    %pad/u 32;
    %cmpi/e 0, 0, 32;
    %jmp/0xz  T_38.0, 4;
    %pushi/vec4 0, 0, 32;
    %store/vec4 v0000000000fdca80_0, 0, 32;
    %jmp T_38.1;
T_38.0 ;
    %load/vec4 v0000000000fdbcc0_0;
    %pad/u 7;
    %subi 1, 0, 7;
    %ix/vec4 4;
    %load/vec4a v0000000000fdda20, 4;
    %store/vec4 v0000000000fdca80_0, 0, 32;
T_38.1 ;
    %jmp T_38;
    .thread T_38, $push;
    .scope S_0000000000f45100;
T_39 ;
    %wait E_0000000000f77370;
    %load/vec4 v0000000000fdcda0_0;
    %pad/u 32;
    %cmpi/e 0, 0, 32;
    %jmp/0xz  T_39.0, 4;
    %pushi/vec4 0, 0, 32;
    %store/vec4 v0000000000fdcf80_0, 0, 32;
    %jmp T_39.1;
T_39.0 ;
    %load/vec4 v0000000000fdcda0_0;
    %pad/u 7;
    %subi 1, 0, 7;
    %ix/vec4 4;
    %load/vec4a v0000000000fdda20, 4;
    %store/vec4 v0000000000fdcf80_0, 0, 32;
T_39.1 ;
    %jmp T_39;
    .thread T_39, $push;
    .scope S_0000000000f45100;
T_40 ;
    %wait E_0000000000f772b0;
    %load/vec4 v0000000000fdc8a0_0;
    %pad/u 32;
    %pushi/vec4 1, 0, 32;
    %cmp/e;
    %flag_get/vec4 4;
    %load/vec4 v0000000000fdd480_0;
    %pad/u 32;
    %pushi/vec4 0, 0, 32;
    %cmp/ne;
    %flag_get/vec4 4;
    %and;
    %flag_set/vec4 8;
    %jmp/0xz  T_40.0, 8;
    %load/vec4 v0000000000fdbea0_0;
    %load/vec4 v0000000000fdd480_0;
    %pad/u 7;
    %subi 1, 0, 7;
    %ix/vec4 4;
    %store/vec4a v0000000000fdda20, 4, 0;
T_40.0 ;
    %jmp T_40;
    .thread T_40;
# The file index is used to find the file name in the following table.
:file_names 4;
    "N/A";
    "<interactive>";
    "LabM2.v";
    "modules.v";
